<!DOCTYPE html>

<html>
  <head>
  <meta charset='utf-8'>
  <title>TestNG reports</title>

    <link type="text/css" href="testng-reports1.css" rel="stylesheet" id="ultra" />
    <link type="text/css" href="testng-reports.css" rel="stylesheet" id="retro" disabled="false"/>
    <script type="text/javascript" src="jquery.min.js"></script>
    <script type="text/javascript" src="testng-reports.js"></script>
    <script type="text/javascript" src="https://www.google.com/jsapi"></script>
    <script type='text/javascript'>
      google.load('visualization', '1', {packages:['table']});
      google.setOnLoadCallback(drawTable);
      var suiteTableInitFunctions = new Array();
      var suiteTableData = new Array();
    </script>
    <!--
      <script type="text/javascript" src="jquery-ui/js/jquery-ui-1.8.16.custom.min.js"></script>
     -->
  </head>

  <body>
    <div class="top-banner-root">
      <span class="top-banner-title-font">Test results</span>
      <button class="button" id="button">Switch Retro Theme</button> <!-- button -->
      <br/>
      <span class="top-banner-font-1">1 suite, 3 failed tests</span>
    </div> <!-- top-banner-root -->
    <div class="navigator-root">
      <div class="navigator-suite-header">
        <span>All suites</span>
        <a href="#" class="collapse-all-link" title="Collapse/expand all the suites">
          <img class="collapse-all-icon" src="collapseall.gif">
          </img> <!-- collapse-all-icon -->
        </a> <!-- collapse-all-link -->
      </div> <!-- navigator-suite-header -->
      <div class="suite">
        <div class="rounded-window">
          <div class="suite-header light-rounded-window-top">
            <a href="#" class="navigator-link" panel-name="suite-TestSuite">
              <span class="suite-name border-failed">TestSuite</span>
            </a> <!-- navigator-link -->
          </div> <!-- suite-header light-rounded-window-top -->
          <div class="navigator-suite-content">
            <div class="suite-section-title">
              <span>Info</span>
            </div> <!-- suite-section-title -->
            <div class="suite-section-content">
              <ul>
                <li>
                  <a href="#" class="navigator-link " panel-name="test-xml-TestSuite">
                    <span>D:\Work\NAB\Automation\OpenWeatherMapTestNgMaven\OpenWeatherMap\testng.xml</span>
                  </a> <!-- navigator-link  -->
                </li>
                <li>
                  <a href="#" class="navigator-link " panel-name="testlist-TestSuite">
                    <span class="test-stats">2 tests</span>
                  </a> <!-- navigator-link  -->
                </li>
                <li>
                  <a href="#" class="navigator-link " panel-name="group-TestSuite">
                    <span>0 groups</span>
                  </a> <!-- navigator-link  -->
                </li>
                <li>
                  <a href="#" class="navigator-link " panel-name="times-TestSuite">
                    <span>Times</span>
                  </a> <!-- navigator-link  -->
                </li>
                <li>
                  <a href="#" class="navigator-link " panel-name="reporter-TestSuite">
                    <span>Reporter output</span>
                  </a> <!-- navigator-link  -->
                </li>
                <li>
                  <a href="#" class="navigator-link " panel-name="ignored-methods-TestSuite">
                    <span>Ignored methods</span>
                  </a> <!-- navigator-link  -->
                </li>
                <li>
                  <a href="#" class="navigator-link " panel-name="chronological-TestSuite">
                    <span>Chronological view</span>
                  </a> <!-- navigator-link  -->
                </li>
              </ul>
            </div> <!-- suite-section-content -->
            <div class="result-section">
              <div class="suite-section-title">
                <span>Results</span>
              </div> <!-- suite-section-title -->
              <div class="suite-section-content">
                <ul>
                  <li>
                    <span class="method-stats">8 methods, 3 failed,   5 passed</span>
                  </li>
                  <li>
                    <span class="method-list-title failed">Failed methods</span>
                    <span class="show-or-hide-methods failed">
                      <a href="#" panel-name="suite-TestSuite" class="hide-methods failed suite-TestSuite"> (hide)</a> <!-- hide-methods failed suite-TestSuite -->
                      <a href="#" panel-name="suite-TestSuite" class="show-methods failed suite-TestSuite"> (show)</a> <!-- show-methods failed suite-TestSuite -->
                    </span>
                    <div class="method-list-content failed suite-TestSuite">
                      <span>
                        <img width="3%" src="failed.png"/>
                        <a href="#" class="method navigator-link" panel-name="suite-TestSuite" title="Test.SearchFunction" hash-for-method="check_the_display_incase_result_is_not_empty">check_the_display_incase_result_is_not_empty</a> <!-- method navigator-link -->
                      </span>
                      <br/>
                      <span>
                        <img width="3%" src="failed.png"/>
                        <a href="#" class="method navigator-link" panel-name="suite-TestSuite" title="Test.SearchFunction" hash-for-method="check_the_display_incase_there_is_no_result(&lt;script&gt;alert(123)&lt;/script&gt;, ×
Not found)">check_the_display_incase_there_is_no_result(<script>alert(123)</script>, ×
Not found)</a> <!-- method navigator-link -->
                      </span>
                      <br/>
                      <span>
                        <img width="3%" src="failed.png"/>
                        <a href="#" class="method navigator-link" panel-name="suite-TestSuite" title="Test.SearchFunction" hash-for-method="check_the_display_incase_there_is_no_result(&lt;script&gt;alert(123)&lt;/script&gt;, ×
Not found)">check_the_display_incase_there_is_no_result(<script>alert(123)</script>, ×
Not found)</a> <!-- method navigator-link -->
                      </span>
                      <br/>
                    </div> <!-- method-list-content failed suite-TestSuite -->
                  </li>
                  <li>
                    <span class="method-list-title passed">Passed methods</span>
                    <span class="show-or-hide-methods passed">
                      <a href="#" panel-name="suite-TestSuite" class="hide-methods passed suite-TestSuite"> (hide)</a> <!-- hide-methods passed suite-TestSuite -->
                      <a href="#" panel-name="suite-TestSuite" class="show-methods passed suite-TestSuite"> (show)</a> <!-- show-methods passed suite-TestSuite -->
                    </span>
                    <div class="method-list-content passed suite-TestSuite">
                      <span>
                        <img width="3%" src="passed.png"/>
                        <a href="#" class="method navigator-link" panel-name="suite-TestSuite" title="Test.SearchFunction" hash-for-method="check_the_display_incase_result_is_not_empty">check_the_display_incase_result_is_not_empty</a> <!-- method navigator-link -->
                      </span>
                      <br/>
                      <span>
                        <img width="3%" src="passed.png"/>
                        <a href="#" class="method navigator-link" panel-name="suite-TestSuite" title="Test.SearchFunction" hash-for-method="check_the_display_incase_there_is_no_result(ha    noi, ×
Not found)">check_the_display_incase_there_is_no_result(ha    noi, ×
Not found)</a> <!-- method navigator-link -->
                      </span>
                      <br/>
                      <span>
                        <img width="3%" src="passed.png"/>
                        <a href="#" class="method navigator-link" panel-name="suite-TestSuite" title="Test.SearchFunction" hash-for-method="check_the_display_incase_there_is_no_result(!&lt;fjks, ×
Not found)">check_the_display_incase_there_is_no_result(!<fjks, ×
Not found)</a> <!-- method navigator-link -->
                      </span>
                      <br/>
                      <span>
                        <img width="3%" src="passed.png"/>
                        <a href="#" class="method navigator-link" panel-name="suite-TestSuite" title="Test.SearchFunction" hash-for-method="check_the_display_incase_there_is_no_result(ha    noi, ×
Not found)">check_the_display_incase_there_is_no_result(ha    noi, ×
Not found)</a> <!-- method navigator-link -->
                      </span>
                      <br/>
                      <span>
                        <img width="3%" src="passed.png"/>
                        <a href="#" class="method navigator-link" panel-name="suite-TestSuite" title="Test.SearchFunction" hash-for-method="check_the_display_incase_there_is_no_result(!&lt;fjks, ×
Not found)">check_the_display_incase_there_is_no_result(!<fjks, ×
Not found)</a> <!-- method navigator-link -->
                      </span>
                      <br/>
                    </div> <!-- method-list-content passed suite-TestSuite -->
                  </li>
                </ul>
              </div> <!-- suite-section-content -->
            </div> <!-- result-section -->
          </div> <!-- navigator-suite-content -->
        </div> <!-- rounded-window -->
      </div> <!-- suite -->
    </div> <!-- navigator-root -->
    <div class="wrapper">
      <div class="main-panel-root">
        <div panel-name="suite-TestSuite" class="panel TestSuite">
          <div class="suite-TestSuite-class-failed">
            <div class="main-panel-header rounded-window-top">
              <img src="failed.png"/>
              <span class="class-name">Test.SearchFunction</span>
            </div> <!-- main-panel-header rounded-window-top -->
            <div class="main-panel-content rounded-window-bottom">
              <div class="method">
                <div class="method-content">
                  <a name="check_the_display_incase_result_is_not_empty">
                  </a> <!-- check_the_display_incase_result_is_not_empty -->
                  <span class="method-name">check_the_display_incase_result_is_not_empty</span>
                  <div class="stack-trace">org.openqa.selenium.StaleElementReferenceException: The element reference of &lt;i&gt; is stale; either the element is no longer attached to the DOM, it is not in the current frame context, or the document has been refreshed
For documentation on this error, please visit: https://selenium.dev/exceptions/#stale_element_reference
Build info: version: &apos;4.1.1&apos;, revision: &apos;e8fcc2cecf&apos;
System info: host: &apos;ADMIN&apos;, ip: &apos;192.168.183.161&apos;, os.name: &apos;Windows 10&apos;, os.arch: &apos;amd64&apos;, os.version: &apos;10.0&apos;, java.version: &apos;1.8.0_202&apos;
Driver info: org.openqa.selenium.firefox.FirefoxDriver
Command: [146fcf84-1e7c-4759-877a-8c45f91d8d46, getElementText {id=1d550a8e-8fe2-459d-acb8-11aa798c89a7}]
Capabilities {acceptInsecureCerts: true, browserName: firefox, browserVersion: 98.0, javascriptEnabled: true, moz:accessibilityChecks: false, moz:buildID: 20220304153049, moz:debuggerAddress: localhost:58852, moz:geckodriverVersion: 0.30.0, moz:headless: false, moz:processID: 12968, moz:profile: C:\Users\Admin\AppData\Loca..., moz:shutdownTimeout: 60000, moz:useNonSpecCompliantPointerOrigin: false, moz:webdriverClick: true, pageLoadStrategy: normal, platform: WINDOWS, platformName: WINDOWS, platformVersion: 10.0, proxy: Proxy(), se:cdp: ws://localhost:58852/devtoo..., se:cdpVersion: 85, setWindowRect: true, strictFileInteractability: false, timeouts: {implicit: 0, pageLoad: 300000, script: 30000}, unhandledPromptBehavior: dismiss and notify}
Element: [[[[[[[[[[[[FirefoxDriver: firefox on WINDOWS (146fcf84-1e7c-4759-877a-8c45f91d8d46)] -&gt; id: forecast-list]] -&gt; xpath: .//table[*]]] -&gt; xpath: .//tr[*]]] -&gt; tag name: td]] -&gt; tag name: b]] -&gt; tag name: i]
Session ID: 146fcf84-1e7c-4759-877a-8c45f91d8d46
	at org.openqa.selenium.remote.codec.w3c.W3CHttpResponseCodec.createException(W3CHttpResponseCodec.java:200)
	at org.openqa.selenium.remote.codec.w3c.W3CHttpResponseCodec.decode(W3CHttpResponseCodec.java:133)
	at org.openqa.selenium.remote.codec.w3c.W3CHttpResponseCodec.decode(W3CHttpResponseCodec.java:53)
	at org.openqa.selenium.remote.HttpCommandExecutor.execute(HttpCommandExecutor.java:184)
	at org.openqa.selenium.remote.service.DriverCommandExecutor.invokeExecute(DriverCommandExecutor.java:167)
	at org.openqa.selenium.remote.service.DriverCommandExecutor.execute(DriverCommandExecutor.java:142)
	at org.openqa.selenium.remote.RemoteWebDriver.execute(RemoteWebDriver.java:543)
	at org.openqa.selenium.remote.RemoteWebElement.execute(RemoteWebElement.java:251)
	at org.openqa.selenium.remote.RemoteWebElement.getText(RemoteWebElement.java:201)
	at rootpackage.Pages.ResultSearchPage.weatherSummaryInfo(ResultSearchPage.java:68)
	at steps.SearchUIStep.getWeatherSummary(SearchUIStep.java:76)
	at steps.SearchUIStep.getResultInfo(SearchUIStep.java:61)
	at Test.SearchFunction.check_the_display_incase_result_is_not_empty(SearchFunction.java:63)
	at java.util.ArrayList.forEach(ArrayList.java:1257)
	at java.util.concurrent.FutureTask.run(FutureTask.java:266)
	at java.util.concurrent.ThreadPoolExecutor.runWorker(ThreadPoolExecutor.java:1149)
	at java.util.concurrent.ThreadPoolExecutor$Worker.run(ThreadPoolExecutor.java:624)
	at java.lang.Thread.run(Thread.java:748)
... Removed 22 stack frames
</div> <!-- stack-trace -->
                </div> <!-- method-content -->
              </div> <!-- method -->
              <div class="method">
                <div class="method-content">
                  <a name="check_the_display_incase_there_is_no_result(&lt;script&gt;alert(123)&lt;/script&gt;, ×
Not found)">
                  </a> <!-- check_the_display_incase_there_is_no_result(<script>alert(123)</script>, ×
Not found) -->
                  <span class="method-name">check_the_display_incase_there_is_no_result</span>
                  <span class="parameters">(<script>alert(123)</script>, ×
Not found)</span>
                  <div class="stack-trace">org.openqa.selenium.StaleElementReferenceException: The element reference of &lt;div id=&quot;forecast-list&quot; class=&quot;tab-pane active&quot;&gt; is stale; either the element is no longer attached to the DOM, it is not in the current frame context, or the document has been refreshed
For documentation on this error, please visit: https://selenium.dev/exceptions/#stale_element_reference
Build info: version: &apos;4.1.1&apos;, revision: &apos;e8fcc2cecf&apos;
System info: host: &apos;ADMIN&apos;, ip: &apos;192.168.183.161&apos;, os.name: &apos;Windows 10&apos;, os.arch: &apos;amd64&apos;, os.version: &apos;10.0&apos;, java.version: &apos;1.8.0_202&apos;
Driver info: org.openqa.selenium.firefox.FirefoxDriver
Command: [146fcf84-1e7c-4759-877a-8c45f91d8d46, findChildElement {id=b74075ef-1742-4c7e-8a71-cb2ddd4d9f64, using=xpath, value=.//div[@class=&apos;alert alert-warning&apos;]}]
Capabilities {acceptInsecureCerts: true, browserName: firefox, browserVersion: 98.0, javascriptEnabled: true, moz:accessibilityChecks: false, moz:buildID: 20220304153049, moz:debuggerAddress: localhost:58852, moz:geckodriverVersion: 0.30.0, moz:headless: false, moz:processID: 12968, moz:profile: C:\Users\Admin\AppData\Loca..., moz:shutdownTimeout: 60000, moz:useNonSpecCompliantPointerOrigin: false, moz:webdriverClick: true, pageLoadStrategy: normal, platform: WINDOWS, platformName: WINDOWS, platformVersion: 10.0, proxy: Proxy(), se:cdp: ws://localhost:58852/devtoo..., se:cdpVersion: 85, setWindowRect: true, strictFileInteractability: false, timeouts: {implicit: 0, pageLoad: 300000, script: 30000}, unhandledPromptBehavior: dismiss and notify}
Session ID: 146fcf84-1e7c-4759-877a-8c45f91d8d46
	at org.openqa.selenium.remote.codec.w3c.W3CHttpResponseCodec.createException(W3CHttpResponseCodec.java:200)
	at org.openqa.selenium.remote.codec.w3c.W3CHttpResponseCodec.decode(W3CHttpResponseCodec.java:133)
	at org.openqa.selenium.remote.codec.w3c.W3CHttpResponseCodec.decode(W3CHttpResponseCodec.java:53)
	at org.openqa.selenium.remote.HttpCommandExecutor.execute(HttpCommandExecutor.java:184)
	at org.openqa.selenium.remote.service.DriverCommandExecutor.invokeExecute(DriverCommandExecutor.java:167)
	at org.openqa.selenium.remote.service.DriverCommandExecutor.execute(DriverCommandExecutor.java:142)
	at org.openqa.selenium.remote.RemoteWebDriver.execute(RemoteWebDriver.java:543)
	at org.openqa.selenium.remote.ElementLocation$ElementFinder$2.findElement(ElementLocation.java:162)
	at org.openqa.selenium.remote.ElementLocation.findElement(ElementLocation.java:60)
	at org.openqa.selenium.remote.RemoteWebDriver.findElement(RemoteWebDriver.java:367)
	at org.openqa.selenium.remote.RemoteWebElement.findElement(RemoteWebElement.java:221)
	at rootpackage.Pages.ResultSearchPage.alertWarning(ResultSearchPage.java:73)
	at steps.SearchUIStep.verifyTheExistOfMessage(SearchUIStep.java:141)
	at Test.SearchFunction.check_the_display_incase_there_is_no_result(SearchFunction.java:80)
	at java.util.ArrayList.forEach(ArrayList.java:1257)
	at java.util.concurrent.FutureTask.run(FutureTask.java:266)
	at java.util.concurrent.ThreadPoolExecutor.runWorker(ThreadPoolExecutor.java:1149)
	at java.util.concurrent.ThreadPoolExecutor$Worker.run(ThreadPoolExecutor.java:624)
	at java.lang.Thread.run(Thread.java:748)
... Removed 22 stack frames
</div> <!-- stack-trace -->
                </div> <!-- method-content -->
              </div> <!-- method -->
              <div class="method">
                <div class="method-content">
                  <a name="check_the_display_incase_there_is_no_result(&lt;script&gt;alert(123)&lt;/script&gt;, ×
Not found)">
                  </a> <!-- check_the_display_incase_there_is_no_result(<script>alert(123)</script>, ×
Not found) -->
                  <span class="method-name">check_the_display_incase_there_is_no_result</span>
                  <span class="parameters">(<script>alert(123)</script>, ×
Not found)</span>
                  <div class="stack-trace">org.openqa.selenium.StaleElementReferenceException: The element reference of &lt;input name=&quot;q&quot; type=&quot;text&quot;&gt; is stale; either the element is no longer attached to the DOM, it is not in the current frame context, or the document has been refreshed
For documentation on this error, please visit: https://selenium.dev/exceptions/#stale_element_reference
Build info: version: &apos;4.1.1&apos;, revision: &apos;e8fcc2cecf&apos;
System info: host: &apos;ADMIN&apos;, ip: &apos;192.168.183.161&apos;, os.name: &apos;Windows 10&apos;, os.arch: &apos;amd64&apos;, os.version: &apos;10.0&apos;, java.version: &apos;1.8.0_202&apos;
Driver info: org.openqa.selenium.firefox.FirefoxDriver
Command: [146fcf84-1e7c-4759-877a-8c45f91d8d46, sendKeysToElement {id=ab82cb41-7a41-4328-90da-1c55717f48e6, value=[Ljava.lang.CharSequence;@4f69188b}]
Capabilities {acceptInsecureCerts: true, browserName: firefox, browserVersion: 98.0, javascriptEnabled: true, moz:accessibilityChecks: false, moz:buildID: 20220304153049, moz:debuggerAddress: localhost:58852, moz:geckodriverVersion: 0.30.0, moz:headless: false, moz:processID: 12968, moz:profile: C:\Users\Admin\AppData\Loca..., moz:shutdownTimeout: 60000, moz:useNonSpecCompliantPointerOrigin: false, moz:webdriverClick: true, pageLoadStrategy: normal, platform: WINDOWS, platformName: WINDOWS, platformVersion: 10.0, proxy: Proxy(), se:cdp: ws://localhost:58852/devtoo..., se:cdpVersion: 85, setWindowRect: true, strictFileInteractability: false, timeouts: {implicit: 0, pageLoad: 300000, script: 30000}, unhandledPromptBehavior: dismiss and notify}
Element: [[[[FirefoxDriver: firefox on WINDOWS (146fcf84-1e7c-4759-877a-8c45f91d8d46)] -&gt; xpath: //nav[@id=&apos;nav-website&apos;]]] -&gt; xpath: .//input[@placeholder=&apos;Weather in your city&apos;]]
Session ID: 146fcf84-1e7c-4759-877a-8c45f91d8d46
	at org.openqa.selenium.remote.codec.w3c.W3CHttpResponseCodec.createException(W3CHttpResponseCodec.java:200)
	at org.openqa.selenium.remote.codec.w3c.W3CHttpResponseCodec.decode(W3CHttpResponseCodec.java:133)
	at org.openqa.selenium.remote.codec.w3c.W3CHttpResponseCodec.decode(W3CHttpResponseCodec.java:53)
	at org.openqa.selenium.remote.HttpCommandExecutor.execute(HttpCommandExecutor.java:184)
	at org.openqa.selenium.remote.service.DriverCommandExecutor.invokeExecute(DriverCommandExecutor.java:167)
	at org.openqa.selenium.remote.service.DriverCommandExecutor.execute(DriverCommandExecutor.java:142)
	at org.openqa.selenium.remote.RemoteWebDriver.execute(RemoteWebDriver.java:543)
	at org.openqa.selenium.remote.RemoteWebElement.execute(RemoteWebElement.java:251)
	at org.openqa.selenium.remote.RemoteWebElement.sendKeys(RemoteWebElement.java:107)
	at steps.SearchUIStep.searchInNavigatorBar(SearchUIStep.java:30)
	at Test.SearchFunction.check_the_display_incase_there_is_no_result(SearchFunction.java:78)
	at java.util.ArrayList.forEach(ArrayList.java:1257)
	at java.util.concurrent.FutureTask.run(FutureTask.java:266)
	at java.util.concurrent.ThreadPoolExecutor.runWorker(ThreadPoolExecutor.java:1149)
	at java.util.concurrent.ThreadPoolExecutor$Worker.run(ThreadPoolExecutor.java:624)
	at java.lang.Thread.run(Thread.java:748)
... Removed 22 stack frames
</div> <!-- stack-trace -->
                </div> <!-- method-content -->
              </div> <!-- method -->
            </div> <!-- main-panel-content rounded-window-bottom -->
          </div> <!-- suite-TestSuite-class-failed -->
          <div class="suite-TestSuite-class-passed">
            <div class="main-panel-header rounded-window-top">
              <img src="passed.png"/>
              <span class="class-name">Test.SearchFunction</span>
            </div> <!-- main-panel-header rounded-window-top -->
            <div class="main-panel-content rounded-window-bottom">
              <div class="method">
                <div class="method-content">
                  <a name="check_the_display_incase_result_is_not_empty">
                  </a> <!-- check_the_display_incase_result_is_not_empty -->
                  <span class="method-name">check_the_display_incase_result_is_not_empty</span>
                </div> <!-- method-content -->
              </div> <!-- method -->
              <div class="method">
                <div class="method-content">
                  <a name="check_the_display_incase_there_is_no_result(ha    noi, ×
Not found)">
                  </a> <!-- check_the_display_incase_there_is_no_result(ha    noi, ×
Not found) -->
                  <span class="method-name">check_the_display_incase_there_is_no_result</span>
                  <span class="parameters">(ha    noi, ×
Not found)</span>
                </div> <!-- method-content -->
              </div> <!-- method -->
              <div class="method">
                <div class="method-content">
                  <a name="check_the_display_incase_there_is_no_result(!&lt;fjks, ×
Not found)">
                  </a> <!-- check_the_display_incase_there_is_no_result(!<fjks, ×
Not found) -->
                  <span class="method-name">check_the_display_incase_there_is_no_result</span>
                  <span class="parameters">(!<fjks, ×
Not found)</span>
                </div> <!-- method-content -->
              </div> <!-- method -->
              <div class="method">
                <div class="method-content">
                  <a name="check_the_display_incase_there_is_no_result(ha    noi, ×
Not found)">
                  </a> <!-- check_the_display_incase_there_is_no_result(ha    noi, ×
Not found) -->
                  <span class="method-name">check_the_display_incase_there_is_no_result</span>
                  <span class="parameters">(ha    noi, ×
Not found)</span>
                </div> <!-- method-content -->
              </div> <!-- method -->
              <div class="method">
                <div class="method-content">
                  <a name="check_the_display_incase_there_is_no_result(!&lt;fjks, ×
Not found)">
                  </a> <!-- check_the_display_incase_there_is_no_result(!<fjks, ×
Not found) -->
                  <span class="method-name">check_the_display_incase_there_is_no_result</span>
                  <span class="parameters">(!<fjks, ×
Not found)</span>
                </div> <!-- method-content -->
              </div> <!-- method -->
            </div> <!-- main-panel-content rounded-window-bottom -->
          </div> <!-- suite-TestSuite-class-passed -->
        </div> <!-- panel TestSuite -->
        <div panel-name="test-xml-TestSuite" class="panel">
          <div class="main-panel-header rounded-window-top">
            <span class="header-content">D:\Work\NAB\Automation\OpenWeatherMapTestNgMaven\OpenWeatherMap\testng.xml</span>
          </div> <!-- main-panel-header rounded-window-top -->
          <div class="main-panel-content rounded-window-bottom">
            <pre>
&lt;?xml version=&quot;1.0&quot; encoding=&quot;UTF-8&quot;?&gt;
&lt;!DOCTYPE suite SYSTEM &quot;https://testng.org/testng-1.0.dtd&quot;&gt;
&lt;suite thread-count=&quot;2&quot; guice-stage=&quot;DEVELOPMENT&quot; verbose=&quot;0&quot; name=&quot;TestSuite&quot; parallel=&quot;tests&quot;&gt;
  &lt;test thread-count=&quot;2&quot; verbose=&quot;0&quot; name=&quot;ChromeTest&quot; parallel=&quot;tests&quot;&gt;
    &lt;parameter name=&quot;browser&quot; value=&quot;chrome&quot;/&gt;
    &lt;classes&gt;
      &lt;class name=&quot;Test.SearchFunction&quot;/&gt;
    &lt;/classes&gt;
  &lt;/test&gt; &lt;!-- ChromeTest --&gt;
  &lt;test thread-count=&quot;2&quot; verbose=&quot;0&quot; name=&quot;FirefoxTest&quot; parallel=&quot;tests&quot;&gt;
    &lt;parameter name=&quot;browser&quot; value=&quot;firefox&quot;/&gt;
    &lt;classes&gt;
      &lt;class name=&quot;Test.SearchFunction&quot;/&gt;
    &lt;/classes&gt;
  &lt;/test&gt; &lt;!-- FirefoxTest --&gt;
&lt;/suite&gt; &lt;!-- TestSuite --&gt;
            </pre>
          </div> <!-- main-panel-content rounded-window-bottom -->
        </div> <!-- panel -->
        <div panel-name="testlist-TestSuite" class="panel">
          <div class="main-panel-header rounded-window-top">
            <span class="header-content">Tests for TestSuite</span>
          </div> <!-- main-panel-header rounded-window-top -->
          <div class="main-panel-content rounded-window-bottom">
            <ul>
              <li>
                <span class="test-name">ChromeTest (1 class)</span>
              </li>
              <li>
                <span class="test-name">FirefoxTest (1 class)</span>
              </li>
            </ul>
          </div> <!-- main-panel-content rounded-window-bottom -->
        </div> <!-- panel -->
        <div panel-name="group-TestSuite" class="panel">
          <div class="main-panel-header rounded-window-top">
            <span class="header-content">Groups for TestSuite</span>
          </div> <!-- main-panel-header rounded-window-top -->
          <div class="main-panel-content rounded-window-bottom">
          </div> <!-- main-panel-content rounded-window-bottom -->
        </div> <!-- panel -->
        <div panel-name="times-TestSuite" class="panel">
          <div class="main-panel-header rounded-window-top">
            <span class="header-content">Times for TestSuite</span>
          </div> <!-- main-panel-header rounded-window-top -->
          <div class="main-panel-content rounded-window-bottom">
            <div class="times-div">
              <script type="text/javascript">
suiteTableInitFunctions.push('tableData_TestSuite');
function tableData_TestSuite() {
var data = new google.visualization.DataTable();
data.addColumn('number', 'Number');
data.addColumn('string', 'Method');
data.addColumn('string', 'Class');
data.addColumn('number', 'Time (ms)');
data.addRows(8);
data.setCell(0, 0, 0)
data.setCell(0, 1, 'check_the_display_incase_result_is_not_empty')
data.setCell(0, 2, 'Test.SearchFunction')
data.setCell(0, 3, 49772);
data.setCell(1, 0, 1)
data.setCell(1, 1, 'check_the_display_incase_result_is_not_empty')
data.setCell(1, 2, 'Test.SearchFunction')
data.setCell(1, 3, 18500);
data.setCell(2, 0, 2)
data.setCell(2, 1, 'check_the_display_incase_there_is_no_result')
data.setCell(2, 2, 'Test.SearchFunction')
data.setCell(2, 3, 2054);
data.setCell(3, 0, 3)
data.setCell(3, 1, 'check_the_display_incase_there_is_no_result')
data.setCell(3, 2, 'Test.SearchFunction')
data.setCell(3, 3, 2030);
data.setCell(4, 0, 4)
data.setCell(4, 1, 'check_the_display_incase_there_is_no_result')
data.setCell(4, 2, 'Test.SearchFunction')
data.setCell(4, 3, 1656);
data.setCell(5, 0, 5)
data.setCell(5, 1, 'check_the_display_incase_there_is_no_result')
data.setCell(5, 2, 'Test.SearchFunction')
data.setCell(5, 3, 1616);
data.setCell(6, 0, 6)
data.setCell(6, 1, 'check_the_display_incase_there_is_no_result')
data.setCell(6, 2, 'Test.SearchFunction')
data.setCell(6, 3, 850);
data.setCell(7, 0, 7)
data.setCell(7, 1, 'check_the_display_incase_there_is_no_result')
data.setCell(7, 2, 'Test.SearchFunction')
data.setCell(7, 3, 832);
window.suiteTableData['TestSuite']= { tableData: data, tableDiv: 'times-div-TestSuite'}
return data;
}
              </script>
              <span class="suite-total-time">Total running time: 1 minutes</span>
              <div id="times-div-TestSuite">
              </div> <!-- times-div-TestSuite -->
            </div> <!-- times-div -->
          </div> <!-- main-panel-content rounded-window-bottom -->
        </div> <!-- panel -->
        <div panel-name="reporter-TestSuite" class="panel">
          <div class="main-panel-header rounded-window-top">
            <span class="header-content">Reporter output for TestSuite</span>
          </div> <!-- main-panel-header rounded-window-top -->
          <div class="main-panel-content rounded-window-bottom">
          </div> <!-- main-panel-content rounded-window-bottom -->
        </div> <!-- panel -->
        <div panel-name="ignored-methods-TestSuite" class="panel">
          <div class="main-panel-header rounded-window-top">
            <span class="header-content">0 ignored methods</span>
          </div> <!-- main-panel-header rounded-window-top -->
          <div class="main-panel-content rounded-window-bottom">
          </div> <!-- main-panel-content rounded-window-bottom -->
        </div> <!-- panel -->
        <div panel-name="chronological-TestSuite" class="panel">
          <div class="main-panel-header rounded-window-top">
            <span class="header-content">Methods in chronological order</span>
          </div> <!-- main-panel-header rounded-window-top -->
          <div class="main-panel-content rounded-window-bottom">
            <div class="chronological-class">
              <div class="chronological-class-name">Test.SearchFunction</div> <!-- chronological-class-name -->
              <div class="configuration-test before">
                <span class="method-name">setup(chrome)</span>
                <span class="method-start">0 ms</span>
              </div> <!-- configuration-test before -->
              <div class="configuration-test before">
                <span class="method-name">setup(firefox)</span>
                <span class="method-start">0 ms</span>
              </div> <!-- configuration-test before -->
              <div class="test-method">
                <img src="failed.png">
                </img>
                <span class="method-name">check_the_display_incase_result_is_not_empty</span>
                <span class="method-start">35173 ms</span>
              </div> <!-- test-method -->
              <div class="test-method">
                <span class="method-name">check_the_display_incase_result_is_not_empty</span>
                <span class="method-start">70709 ms</span>
              </div> <!-- test-method -->
              <div class="configuration-method after">
                <span class="method-name">afterMethod([TestResult name=check_the_display_incase_result_is_not_empty status=FAILURE method=SearchFunction.c...)</span>
                <span class="method-start">85113 ms</span>
              </div> <!-- configuration-method after -->
              <div class="configuration-method after">
                <span class="method-name">afterMethod([TestResult name=check_the_display_incase_result_is_not_empty status=SUCCESS method=SearchFunction.c...)</span>
                <span class="method-start">89209 ms</span>
              </div> <!-- configuration-method after -->
              <div class="test-method">
                <span class="method-name">check_the_display_incase_there_is_no_result(ha    noi, ×
Not found)</span>
                <span class="method-start">90017 ms</span>
              </div> <!-- test-method -->
              <div class="test-method">
                <span class="method-name">check_the_display_incase_there_is_no_result(ha    noi, ×
Not found)</span>
                <span class="method-start">90017 ms</span>
              </div> <!-- test-method -->
              <div class="configuration-method after">
                <span class="method-name">afterMethod([TestResult name=check_the_display_incase_there_is_no_result status=SUCCESS method=SearchFunction.ch...)</span>
                <span class="method-start">92047 ms</span>
              </div> <!-- configuration-method after -->
              <div class="configuration-method after">
                <span class="method-name">afterMethod([TestResult name=check_the_display_incase_there_is_no_result status=SUCCESS method=SearchFunction.ch...)</span>
                <span class="method-start">92071 ms</span>
              </div> <!-- configuration-method after -->
              <div class="test-method">
                <span class="method-name">check_the_display_incase_there_is_no_result(!<fjks, ×
Not found)</span>
                <span class="method-start">92283 ms</span>
              </div> <!-- test-method -->
              <div class="test-method">
                <span class="method-name">check_the_display_incase_there_is_no_result(!<fjks, ×
Not found)</span>
                <span class="method-start">92435 ms</span>
              </div> <!-- test-method -->
              <div class="configuration-method after">
                <span class="method-name">afterMethod([TestResult name=check_the_display_incase_there_is_no_result status=SUCCESS method=SearchFunction.ch...)</span>
                <span class="method-start">93115 ms</span>
              </div> <!-- configuration-method after -->
              <div class="test-method">
                <img src="failed.png">
                </img>
                <span class="method-name">check_the_display_incase_there_is_no_result(<script>alert(123)</script>, ×
Not found)</span>
                <span class="method-start">93277 ms</span>
              </div> <!-- test-method -->
              <div class="configuration-method after">
                <span class="method-name">afterMethod([TestResult name=check_the_display_incase_there_is_no_result status=SUCCESS method=SearchFunction.ch...)</span>
                <span class="method-start">93285 ms</span>
              </div> <!-- configuration-method after -->
              <div class="test-method">
                <img src="failed.png">
                </img>
                <span class="method-name">check_the_display_incase_there_is_no_result(<script>alert(123)</script>, ×
Not found)</span>
                <span class="method-start">93409 ms</span>
              </div> <!-- test-method -->
              <div class="configuration-method after">
                <span class="method-name">afterMethod([TestResult name=check_the_display_incase_there_is_no_result status=FAILURE method=SearchFunction.ch...)</span>
                <span class="method-start">94933 ms</span>
              </div> <!-- configuration-method after -->
              <div class="configuration-method after">
                <span class="method-name">afterMethod([TestResult name=check_the_display_incase_there_is_no_result status=FAILURE method=SearchFunction.ch...)</span>
                <span class="method-start">95025 ms</span>
              </div> <!-- configuration-method after -->
              <div class="configuration-test after">
                <span class="method-name">DoSomeThingAfterEachTest</span>
                <span class="method-start">95105 ms</span>
              </div> <!-- configuration-test after -->
              <div class="configuration-test after">
                <span class="method-name">DoSomeThingAfterEachTest</span>
                <span class="method-start">95210 ms</span>
              </div> <!-- configuration-test after -->
              <div class="configuration-suite after">
                <span class="method-name">clean</span>
                <span class="method-start">95555 ms</span>
              </div> <!-- configuration-suite after -->
          </div> <!-- main-panel-content rounded-window-bottom -->
        </div> <!-- panel -->
      </div> <!-- main-panel-root -->
    </div> <!-- wrapper -->
  </body>
<script type="text/javascript" src="testng-reports2.js"></script>
</html>
