<?xml version="1.0" encoding="UTF-8"?>
<testng-results skipped="0" failed="3" ignored="0" total="8" passed="5">
  <reporter-output>
    <line>
      <![CDATA[<a href='D:\Work\NAB\Automation\OpenWeatherMapTestNgMaven\OpenWeatherMap\target\surefire-reports\testRun_screenshots\chrome_check_the_display_incase_result_is_not_empty_12_03_2022_01_19_25.png'> <img src='D:\Work\NAB\Automation\OpenWeatherMapTestNgMaven\OpenWeatherMap\target\surefire-reports\testRun_screenshots\chrome_check_the_display_incase_result_is_not_empty_12_03_2022_01_19_25.png' height='100' width='100'/> </a>]]>
    </line>
    <line>
      <![CDATA[<a href='D:\Work\NAB\Automation\OpenWeatherMapTestNgMaven\OpenWeatherMap\target\surefire-reports\testRun_screenshots\firefox_check_the_display_incase_result_is_not_empty_12_03_2022_01_19_29.png'> <img src='D:\Work\NAB\Automation\OpenWeatherMapTestNgMaven\OpenWeatherMap\target\surefire-reports\testRun_screenshots\firefox_check_the_display_incase_result_is_not_empty_12_03_2022_01_19_29.png' height='100' width='100'/> </a>]]>
    </line>
    <line>
      <![CDATA[<a href='D:\Work\NAB\Automation\OpenWeatherMapTestNgMaven\OpenWeatherMap\target\surefire-reports\testRun_screenshots\chrome_check_the_display_incase_there_is_no_result_12_03_2022_01_19_32.png'> <img src='D:\Work\NAB\Automation\OpenWeatherMapTestNgMaven\OpenWeatherMap\target\surefire-reports\testRun_screenshots\chrome_check_the_display_incase_there_is_no_result_12_03_2022_01_19_32.png' height='100' width='100'/> </a>]]>
    </line>
    <line>
      <![CDATA[<a href='D:\Work\NAB\Automation\OpenWeatherMapTestNgMaven\OpenWeatherMap\target\surefire-reports\testRun_screenshots\firefox_check_the_display_incase_there_is_no_result_12_03_2022_01_19_32.png'> <img src='D:\Work\NAB\Automation\OpenWeatherMapTestNgMaven\OpenWeatherMap\target\surefire-reports\testRun_screenshots\firefox_check_the_display_incase_there_is_no_result_12_03_2022_01_19_32.png' height='100' width='100'/> </a>]]>
    </line>
    <line>
      <![CDATA[<a href='D:\Work\NAB\Automation\OpenWeatherMapTestNgMaven\OpenWeatherMap\target\surefire-reports\testRun_screenshots\chrome_check_the_display_incase_there_is_no_result_12_03_2022_01_19_33.png'> <img src='D:\Work\NAB\Automation\OpenWeatherMapTestNgMaven\OpenWeatherMap\target\surefire-reports\testRun_screenshots\chrome_check_the_display_incase_there_is_no_result_12_03_2022_01_19_33.png' height='100' width='100'/> </a>]]>
    </line>
    <line>
      <![CDATA[<a href='D:\Work\NAB\Automation\OpenWeatherMapTestNgMaven\OpenWeatherMap\target\surefire-reports\testRun_screenshots\firefox_check_the_display_incase_there_is_no_result_12_03_2022_01_19_33.png'> <img src='D:\Work\NAB\Automation\OpenWeatherMapTestNgMaven\OpenWeatherMap\target\surefire-reports\testRun_screenshots\firefox_check_the_display_incase_there_is_no_result_12_03_2022_01_19_33.png' height='100' width='100'/> </a>]]>
    </line>
    <line>
      <![CDATA[<a href='D:\Work\NAB\Automation\OpenWeatherMapTestNgMaven\OpenWeatherMap\target\surefire-reports\testRun_screenshots\chrome_check_the_display_incase_there_is_no_result_12_03_2022_01_19_35.png'> <img src='D:\Work\NAB\Automation\OpenWeatherMapTestNgMaven\OpenWeatherMap\target\surefire-reports\testRun_screenshots\chrome_check_the_display_incase_there_is_no_result_12_03_2022_01_19_35.png' height='100' width='100'/> </a>]]>
    </line>
    <line>
      <![CDATA[<a href='D:\Work\NAB\Automation\OpenWeatherMapTestNgMaven\OpenWeatherMap\target\surefire-reports\testRun_screenshots\firefox_check_the_display_incase_there_is_no_result_12_03_2022_01_19_35.png'> <img src='D:\Work\NAB\Automation\OpenWeatherMapTestNgMaven\OpenWeatherMap\target\surefire-reports\testRun_screenshots\firefox_check_the_display_incase_there_is_no_result_12_03_2022_01_19_35.png' height='100' width='100'/> </a>]]>
    </line>
  </reporter-output>
  <suite name="TestSuite" duration-ms="95210" started-at="2022-03-12T13:18:00 ICT" finished-at="2022-03-12T13:19:35 ICT">
    <groups>
    </groups>
    <test name="ChromeTest" duration-ms="95109" started-at="2022-03-12T13:18:00 ICT" finished-at="2022-03-12T13:19:35 ICT">
      <class name="Test.SearchFunction">
        <test-method status="PASS" signature="setup(java.lang.String)[pri:0, instance:Test.SearchFunction@704a52ec]" name="setup" is-config="true" duration-ms="35095" started-at="2022-03-12T13:18:00 ICT" finished-at="2022-03-12T13:18:35 ICT">
          <params>
            <param index="0">
              <value>
                <![CDATA[chrome]]>
              </value>
            </param>
          </params>
          <reporter-output>
          </reporter-output>
        </test-method> <!-- setup -->
        <test-method status="FAIL" signature="check_the_display_incase_result_is_not_empty()[pri:0, instance:Test.SearchFunction@704a52ec]" name="check_the_display_incase_result_is_not_empty" duration-ms="49772" started-at="2022-03-12T13:18:35 ICT" finished-at="2022-03-12T13:19:25 ICT">
          <exception class="org.openqa.selenium.StaleElementReferenceException">
            <message>
              <![CDATA[The element reference of <i> is stale; either the element is no longer attached to the DOM, it is not in the current frame context, or the document has been refreshed
For documentation on this error, please visit: https://selenium.dev/exceptions/#stale_element_reference
Build info: version: '4.1.1', revision: 'e8fcc2cecf'
System info: host: 'ADMIN', ip: '192.168.183.161', os.name: 'Windows 10', os.arch: 'amd64', os.version: '10.0', java.version: '1.8.0_202'
Driver info: org.openqa.selenium.firefox.FirefoxDriver
Command: [146fcf84-1e7c-4759-877a-8c45f91d8d46, getElementText {id=1d550a8e-8fe2-459d-acb8-11aa798c89a7}]
Capabilities {acceptInsecureCerts: true, browserName: firefox, browserVersion: 98.0, javascriptEnabled: true, moz:accessibilityChecks: false, moz:buildID: 20220304153049, moz:debuggerAddress: localhost:58852, moz:geckodriverVersion: 0.30.0, moz:headless: false, moz:processID: 12968, moz:profile: C:\Users\Admin\AppData\Loca..., moz:shutdownTimeout: 60000, moz:useNonSpecCompliantPointerOrigin: false, moz:webdriverClick: true, pageLoadStrategy: normal, platform: WINDOWS, platformName: WINDOWS, platformVersion: 10.0, proxy: Proxy(), se:cdp: ws://localhost:58852/devtoo..., se:cdpVersion: 85, setWindowRect: true, strictFileInteractability: false, timeouts: {implicit: 0, pageLoad: 300000, script: 30000}, unhandledPromptBehavior: dismiss and notify}
Element: [[[[[[[[[[[[FirefoxDriver: firefox on WINDOWS (146fcf84-1e7c-4759-877a-8c45f91d8d46)] -> id: forecast-list]] -> xpath: .//table[*]]] -> xpath: .//tr[*]]] -> tag name: td]] -> tag name: b]] -> tag name: i]
Session ID: 146fcf84-1e7c-4759-877a-8c45f91d8d46]]>
            </message>
            <full-stacktrace>
              <![CDATA[org.openqa.selenium.StaleElementReferenceException: The element reference of <i> is stale; either the element is no longer attached to the DOM, it is not in the current frame context, or the document has been refreshed
For documentation on this error, please visit: https://selenium.dev/exceptions/#stale_element_reference
Build info: version: '4.1.1', revision: 'e8fcc2cecf'
System info: host: 'ADMIN', ip: '192.168.183.161', os.name: 'Windows 10', os.arch: 'amd64', os.version: '10.0', java.version: '1.8.0_202'
Driver info: org.openqa.selenium.firefox.FirefoxDriver
Command: [146fcf84-1e7c-4759-877a-8c45f91d8d46, getElementText {id=1d550a8e-8fe2-459d-acb8-11aa798c89a7}]
Capabilities {acceptInsecureCerts: true, browserName: firefox, browserVersion: 98.0, javascriptEnabled: true, moz:accessibilityChecks: false, moz:buildID: 20220304153049, moz:debuggerAddress: localhost:58852, moz:geckodriverVersion: 0.30.0, moz:headless: false, moz:processID: 12968, moz:profile: C:\Users\Admin\AppData\Loca..., moz:shutdownTimeout: 60000, moz:useNonSpecCompliantPointerOrigin: false, moz:webdriverClick: true, pageLoadStrategy: normal, platform: WINDOWS, platformName: WINDOWS, platformVersion: 10.0, proxy: Proxy(), se:cdp: ws://localhost:58852/devtoo..., se:cdpVersion: 85, setWindowRect: true, strictFileInteractability: false, timeouts: {implicit: 0, pageLoad: 300000, script: 30000}, unhandledPromptBehavior: dismiss and notify}
Element: [[[[[[[[[[[[FirefoxDriver: firefox on WINDOWS (146fcf84-1e7c-4759-877a-8c45f91d8d46)] -> id: forecast-list]] -> xpath: .//table[*]]] -> xpath: .//tr[*]]] -> tag name: td]] -> tag name: b]] -> tag name: i]
Session ID: 146fcf84-1e7c-4759-877a-8c45f91d8d46
at sun.reflect.NativeConstructorAccessorImpl.newInstance0(Native Method)
at sun.reflect.NativeConstructorAccessorImpl.newInstance(NativeConstructorAccessorImpl.java:62)
at sun.reflect.DelegatingConstructorAccessorImpl.newInstance(DelegatingConstructorAccessorImpl.java:45)
at java.lang.reflect.Constructor.newInstance(Constructor.java:423)
at org.openqa.selenium.remote.codec.w3c.W3CHttpResponseCodec.createException(W3CHttpResponseCodec.java:200)
at org.openqa.selenium.remote.codec.w3c.W3CHttpResponseCodec.decode(W3CHttpResponseCodec.java:133)
at org.openqa.selenium.remote.codec.w3c.W3CHttpResponseCodec.decode(W3CHttpResponseCodec.java:53)
at org.openqa.selenium.remote.HttpCommandExecutor.execute(HttpCommandExecutor.java:184)
at org.openqa.selenium.remote.service.DriverCommandExecutor.invokeExecute(DriverCommandExecutor.java:167)
at org.openqa.selenium.remote.service.DriverCommandExecutor.execute(DriverCommandExecutor.java:142)
at org.openqa.selenium.remote.RemoteWebDriver.execute(RemoteWebDriver.java:543)
at org.openqa.selenium.remote.RemoteWebElement.execute(RemoteWebElement.java:251)
at org.openqa.selenium.remote.RemoteWebElement.getText(RemoteWebElement.java:201)
at rootpackage.Pages.ResultSearchPage.weatherSummaryInfo(ResultSearchPage.java:68)
at steps.SearchUIStep.getWeatherSummary(SearchUIStep.java:76)
at steps.SearchUIStep.getResultInfo(SearchUIStep.java:61)
at Test.SearchFunction.check_the_display_incase_result_is_not_empty(SearchFunction.java:63)
at sun.reflect.NativeMethodAccessorImpl.invoke0(Native Method)
at sun.reflect.NativeMethodAccessorImpl.invoke(NativeMethodAccessorImpl.java:62)
at sun.reflect.DelegatingMethodAccessorImpl.invoke(DelegatingMethodAccessorImpl.java:43)
at java.lang.reflect.Method.invoke(Method.java:498)
at org.testng.internal.MethodInvocationHelper.invokeMethod(MethodInvocationHelper.java:133)
at org.testng.internal.TestInvoker.invokeMethod(TestInvoker.java:598)
at org.testng.internal.TestInvoker.invokeTestMethod(TestInvoker.java:173)
at org.testng.internal.MethodRunner.runInSequence(MethodRunner.java:46)
at org.testng.internal.TestInvoker$MethodInvocationAgent.invoke(TestInvoker.java:824)
at org.testng.internal.TestInvoker.invokeTestMethods(TestInvoker.java:146)
at org.testng.internal.TestMethodWorker.invokeTestMethods(TestMethodWorker.java:146)
at org.testng.internal.TestMethodWorker.run(TestMethodWorker.java:128)
at java.util.ArrayList.forEach(ArrayList.java:1257)
at org.testng.TestRunner.privateRun(TestRunner.java:794)
at org.testng.TestRunner.run(TestRunner.java:596)
at org.testng.SuiteRunner.runTest(SuiteRunner.java:377)
at org.testng.SuiteRunner.access$000(SuiteRunner.java:28)
at org.testng.SuiteRunner$SuiteWorker.run(SuiteRunner.java:418)
at org.testng.internal.thread.ThreadUtil.lambda$execute$0(ThreadUtil.java:64)
at java.util.concurrent.FutureTask.run(FutureTask.java:266)
at java.util.concurrent.ThreadPoolExecutor.runWorker(ThreadPoolExecutor.java:1149)
at java.util.concurrent.ThreadPoolExecutor$Worker.run(ThreadPoolExecutor.java:624)
at java.lang.Thread.run(Thread.java:748)
]]>
            </full-stacktrace>
          </exception> <!-- org.openqa.selenium.StaleElementReferenceException -->
          <reporter-output>
          </reporter-output>
        </test-method> <!-- check_the_display_incase_result_is_not_empty -->
        <test-method status="PASS" signature="afterMethod(org.testng.ITestResult)[pri:0, instance:Test.SearchFunction@704a52ec]" name="afterMethod" is-config="true" duration-ms="4841" started-at="2022-03-12T13:19:25 ICT" finished-at="2022-03-12T13:19:30 ICT">
          <params>
            <param index="0">
              <value>
                <![CDATA[[TestResult name=check_the_display_incase_result_is_not_empty status=FAILURE method=SearchFunction.check_the_display_incase_result_is_not_empty()[pri:0, instance:Test.SearchFunction@704a52ec] output={null}]]]>
              </value>
            </param>
          </params>
          <reporter-output>
            <line>
              <![CDATA[<a href='D:\Work\NAB\Automation\OpenWeatherMapTestNgMaven\OpenWeatherMap\target\surefire-reports\testRun_screenshots\chrome_check_the_display_incase_result_is_not_empty_12_03_2022_01_19_25.png'> <img src='D:\Work\NAB\Automation\OpenWeatherMapTestNgMaven\OpenWeatherMap\target\surefire-reports\testRun_screenshots\chrome_check_the_display_incase_result_is_not_empty_12_03_2022_01_19_25.png' height='100' width='100'/> </a>]]>
            </line>
          </reporter-output>
        </test-method> <!-- afterMethod -->
        <test-method status="PASS" signature="check_the_display_incase_there_is_no_result(java.lang.String,java.lang.String)[pri:0, instance:Test.SearchFunction@704a52ec]" name="check_the_display_incase_there_is_no_result" duration-ms="2030" started-at="2022-03-12T13:19:30 ICT" data-provider="SearchProvider" finished-at="2022-03-12T13:19:32 ICT">
          <params>
            <param index="0">
              <value>
                <![CDATA[ha    noi]]>
              </value>
            </param>
            <param index="1">
              <value>
                <![CDATA[×
Not found]]>
              </value>
            </param>
          </params>
          <reporter-output>
          </reporter-output>
        </test-method> <!-- check_the_display_incase_there_is_no_result -->
        <test-method status="PASS" signature="afterMethod(org.testng.ITestResult)[pri:0, instance:Test.SearchFunction@704a52ec]" name="afterMethod" is-config="true" duration-ms="232" started-at="2022-03-12T13:19:32 ICT" finished-at="2022-03-12T13:19:32 ICT">
          <params>
            <param index="0">
              <value>
                <![CDATA[[TestResult name=check_the_display_incase_there_is_no_result status=SUCCESS method=SearchFunction.check_the_display_incase_there_is_no_result(java.lang.String,java.lang.String)[pri:0, instance:Test.SearchFunction@704a52ec] output={null}]]]>
              </value>
            </param>
          </params>
          <reporter-output>
            <line>
              <![CDATA[<a href='D:\Work\NAB\Automation\OpenWeatherMapTestNgMaven\OpenWeatherMap\target\surefire-reports\testRun_screenshots\chrome_check_the_display_incase_there_is_no_result_12_03_2022_01_19_32.png'> <img src='D:\Work\NAB\Automation\OpenWeatherMapTestNgMaven\OpenWeatherMap\target\surefire-reports\testRun_screenshots\chrome_check_the_display_incase_there_is_no_result_12_03_2022_01_19_32.png' height='100' width='100'/> </a>]]>
            </line>
          </reporter-output>
        </test-method> <!-- afterMethod -->
        <test-method status="PASS" signature="check_the_display_incase_there_is_no_result(java.lang.String,java.lang.String)[pri:0, instance:Test.SearchFunction@704a52ec]" name="check_the_display_incase_there_is_no_result" duration-ms="832" started-at="2022-03-12T13:19:32 ICT" data-provider="SearchProvider" finished-at="2022-03-12T13:19:33 ICT">
          <params>
            <param index="0">
              <value>
                <![CDATA[!<fjks]]>
              </value>
            </param>
            <param index="1">
              <value>
                <![CDATA[×
Not found]]>
              </value>
            </param>
          </params>
          <reporter-output>
          </reporter-output>
        </test-method> <!-- check_the_display_incase_there_is_no_result -->
        <test-method status="PASS" signature="afterMethod(org.testng.ITestResult)[pri:0, instance:Test.SearchFunction@704a52ec]" name="afterMethod" is-config="true" duration-ms="162" started-at="2022-03-12T13:19:33 ICT" finished-at="2022-03-12T13:19:33 ICT">
          <params>
            <param index="0">
              <value>
                <![CDATA[[TestResult name=check_the_display_incase_there_is_no_result status=SUCCESS method=SearchFunction.check_the_display_incase_there_is_no_result(java.lang.String,java.lang.String)[pri:0, instance:Test.SearchFunction@704a52ec] output={null}]]]>
              </value>
            </param>
          </params>
          <reporter-output>
            <line>
              <![CDATA[<a href='D:\Work\NAB\Automation\OpenWeatherMapTestNgMaven\OpenWeatherMap\target\surefire-reports\testRun_screenshots\chrome_check_the_display_incase_there_is_no_result_12_03_2022_01_19_33.png'> <img src='D:\Work\NAB\Automation\OpenWeatherMapTestNgMaven\OpenWeatherMap\target\surefire-reports\testRun_screenshots\chrome_check_the_display_incase_there_is_no_result_12_03_2022_01_19_33.png' height='100' width='100'/> </a>]]>
            </line>
          </reporter-output>
        </test-method> <!-- afterMethod -->
        <test-method status="FAIL" signature="check_the_display_incase_there_is_no_result(java.lang.String,java.lang.String)[pri:0, instance:Test.SearchFunction@704a52ec]" name="check_the_display_incase_there_is_no_result" duration-ms="1656" started-at="2022-03-12T13:19:33 ICT" data-provider="SearchProvider" finished-at="2022-03-12T13:19:35 ICT">
          <params>
            <param index="0">
              <value>
                <![CDATA[<script>alert(123)</script>]]>
              </value>
            </param>
            <param index="1">
              <value>
                <![CDATA[×
Not found]]>
              </value>
            </param>
          </params>
          <exception class="org.openqa.selenium.StaleElementReferenceException">
            <message>
              <![CDATA[The element reference of <div id="forecast-list" class="tab-pane active"> is stale; either the element is no longer attached to the DOM, it is not in the current frame context, or the document has been refreshed
For documentation on this error, please visit: https://selenium.dev/exceptions/#stale_element_reference
Build info: version: '4.1.1', revision: 'e8fcc2cecf'
System info: host: 'ADMIN', ip: '192.168.183.161', os.name: 'Windows 10', os.arch: 'amd64', os.version: '10.0', java.version: '1.8.0_202'
Driver info: org.openqa.selenium.firefox.FirefoxDriver
Command: [146fcf84-1e7c-4759-877a-8c45f91d8d46, findChildElement {id=b74075ef-1742-4c7e-8a71-cb2ddd4d9f64, using=xpath, value=.//div[@class='alert alert-warning']}]
Capabilities {acceptInsecureCerts: true, browserName: firefox, browserVersion: 98.0, javascriptEnabled: true, moz:accessibilityChecks: false, moz:buildID: 20220304153049, moz:debuggerAddress: localhost:58852, moz:geckodriverVersion: 0.30.0, moz:headless: false, moz:processID: 12968, moz:profile: C:\Users\Admin\AppData\Loca..., moz:shutdownTimeout: 60000, moz:useNonSpecCompliantPointerOrigin: false, moz:webdriverClick: true, pageLoadStrategy: normal, platform: WINDOWS, platformName: WINDOWS, platformVersion: 10.0, proxy: Proxy(), se:cdp: ws://localhost:58852/devtoo..., se:cdpVersion: 85, setWindowRect: true, strictFileInteractability: false, timeouts: {implicit: 0, pageLoad: 300000, script: 30000}, unhandledPromptBehavior: dismiss and notify}
Session ID: 146fcf84-1e7c-4759-877a-8c45f91d8d46]]>
            </message>
            <full-stacktrace>
              <![CDATA[org.openqa.selenium.StaleElementReferenceException: The element reference of <div id="forecast-list" class="tab-pane active"> is stale; either the element is no longer attached to the DOM, it is not in the current frame context, or the document has been refreshed
For documentation on this error, please visit: https://selenium.dev/exceptions/#stale_element_reference
Build info: version: '4.1.1', revision: 'e8fcc2cecf'
System info: host: 'ADMIN', ip: '192.168.183.161', os.name: 'Windows 10', os.arch: 'amd64', os.version: '10.0', java.version: '1.8.0_202'
Driver info: org.openqa.selenium.firefox.FirefoxDriver
Command: [146fcf84-1e7c-4759-877a-8c45f91d8d46, findChildElement {id=b74075ef-1742-4c7e-8a71-cb2ddd4d9f64, using=xpath, value=.//div[@class='alert alert-warning']}]
Capabilities {acceptInsecureCerts: true, browserName: firefox, browserVersion: 98.0, javascriptEnabled: true, moz:accessibilityChecks: false, moz:buildID: 20220304153049, moz:debuggerAddress: localhost:58852, moz:geckodriverVersion: 0.30.0, moz:headless: false, moz:processID: 12968, moz:profile: C:\Users\Admin\AppData\Loca..., moz:shutdownTimeout: 60000, moz:useNonSpecCompliantPointerOrigin: false, moz:webdriverClick: true, pageLoadStrategy: normal, platform: WINDOWS, platformName: WINDOWS, platformVersion: 10.0, proxy: Proxy(), se:cdp: ws://localhost:58852/devtoo..., se:cdpVersion: 85, setWindowRect: true, strictFileInteractability: false, timeouts: {implicit: 0, pageLoad: 300000, script: 30000}, unhandledPromptBehavior: dismiss and notify}
Session ID: 146fcf84-1e7c-4759-877a-8c45f91d8d46
at sun.reflect.NativeConstructorAccessorImpl.newInstance0(Native Method)
at sun.reflect.NativeConstructorAccessorImpl.newInstance(NativeConstructorAccessorImpl.java:62)
at sun.reflect.DelegatingConstructorAccessorImpl.newInstance(DelegatingConstructorAccessorImpl.java:45)
at java.lang.reflect.Constructor.newInstance(Constructor.java:423)
at org.openqa.selenium.remote.codec.w3c.W3CHttpResponseCodec.createException(W3CHttpResponseCodec.java:200)
at org.openqa.selenium.remote.codec.w3c.W3CHttpResponseCodec.decode(W3CHttpResponseCodec.java:133)
at org.openqa.selenium.remote.codec.w3c.W3CHttpResponseCodec.decode(W3CHttpResponseCodec.java:53)
at org.openqa.selenium.remote.HttpCommandExecutor.execute(HttpCommandExecutor.java:184)
at org.openqa.selenium.remote.service.DriverCommandExecutor.invokeExecute(DriverCommandExecutor.java:167)
at org.openqa.selenium.remote.service.DriverCommandExecutor.execute(DriverCommandExecutor.java:142)
at org.openqa.selenium.remote.RemoteWebDriver.execute(RemoteWebDriver.java:543)
at org.openqa.selenium.remote.ElementLocation$ElementFinder$2.findElement(ElementLocation.java:162)
at org.openqa.selenium.remote.ElementLocation.findElement(ElementLocation.java:60)
at org.openqa.selenium.remote.RemoteWebDriver.findElement(RemoteWebDriver.java:367)
at org.openqa.selenium.remote.RemoteWebElement.findElement(RemoteWebElement.java:221)
at rootpackage.Pages.ResultSearchPage.alertWarning(ResultSearchPage.java:73)
at steps.SearchUIStep.verifyTheExistOfMessage(SearchUIStep.java:141)
at Test.SearchFunction.check_the_display_incase_there_is_no_result(SearchFunction.java:80)
at sun.reflect.NativeMethodAccessorImpl.invoke0(Native Method)
at sun.reflect.NativeMethodAccessorImpl.invoke(NativeMethodAccessorImpl.java:62)
at sun.reflect.DelegatingMethodAccessorImpl.invoke(DelegatingMethodAccessorImpl.java:43)
at java.lang.reflect.Method.invoke(Method.java:498)
at org.testng.internal.MethodInvocationHelper.invokeMethod(MethodInvocationHelper.java:133)
at org.testng.internal.TestInvoker.invokeMethod(TestInvoker.java:598)
at org.testng.internal.TestInvoker.invokeTestMethod(TestInvoker.java:173)
at org.testng.internal.MethodRunner.runInSequence(MethodRunner.java:46)
at org.testng.internal.TestInvoker$MethodInvocationAgent.invoke(TestInvoker.java:824)
at org.testng.internal.TestInvoker.invokeTestMethods(TestInvoker.java:146)
at org.testng.internal.TestMethodWorker.invokeTestMethods(TestMethodWorker.java:146)
at org.testng.internal.TestMethodWorker.run(TestMethodWorker.java:128)
at java.util.ArrayList.forEach(ArrayList.java:1257)
at org.testng.TestRunner.privateRun(TestRunner.java:794)
at org.testng.TestRunner.run(TestRunner.java:596)
at org.testng.SuiteRunner.runTest(SuiteRunner.java:377)
at org.testng.SuiteRunner.access$000(SuiteRunner.java:28)
at org.testng.SuiteRunner$SuiteWorker.run(SuiteRunner.java:418)
at org.testng.internal.thread.ThreadUtil.lambda$execute$0(ThreadUtil.java:64)
at java.util.concurrent.FutureTask.run(FutureTask.java:266)
at java.util.concurrent.ThreadPoolExecutor.runWorker(ThreadPoolExecutor.java:1149)
at java.util.concurrent.ThreadPoolExecutor$Worker.run(ThreadPoolExecutor.java:624)
at java.lang.Thread.run(Thread.java:748)
]]>
            </full-stacktrace>
          </exception> <!-- org.openqa.selenium.StaleElementReferenceException -->
          <reporter-output>
          </reporter-output>
        </test-method> <!-- check_the_display_incase_there_is_no_result -->
        <test-method status="PASS" signature="afterMethod(org.testng.ITestResult)[pri:0, instance:Test.SearchFunction@704a52ec]" name="afterMethod" is-config="true" duration-ms="164" started-at="2022-03-12T13:19:35 ICT" finished-at="2022-03-12T13:19:35 ICT">
          <params>
            <param index="0">
              <value>
                <![CDATA[[TestResult name=check_the_display_incase_there_is_no_result status=FAILURE method=SearchFunction.check_the_display_incase_there_is_no_result(java.lang.String,java.lang.String)[pri:0, instance:Test.SearchFunction@704a52ec] output={null}]]]>
              </value>
            </param>
          </params>
          <reporter-output>
            <line>
              <![CDATA[<a href='D:\Work\NAB\Automation\OpenWeatherMapTestNgMaven\OpenWeatherMap\target\surefire-reports\testRun_screenshots\chrome_check_the_display_incase_there_is_no_result_12_03_2022_01_19_35.png'> <img src='D:\Work\NAB\Automation\OpenWeatherMapTestNgMaven\OpenWeatherMap\target\surefire-reports\testRun_screenshots\chrome_check_the_display_incase_there_is_no_result_12_03_2022_01_19_35.png' height='100' width='100'/> </a>]]>
            </line>
          </reporter-output>
        </test-method> <!-- afterMethod -->
        <test-method status="PASS" signature="DoSomeThingAfterEachTest()[pri:0, instance:Test.SearchFunction@704a52ec]" name="DoSomeThingAfterEachTest" is-config="true" duration-ms="4" started-at="2022-03-12T13:19:35 ICT" finished-at="2022-03-12T13:19:35 ICT">
          <reporter-output>
          </reporter-output>
        </test-method> <!-- DoSomeThingAfterEachTest -->
      </class> <!-- Test.SearchFunction -->
    </test> <!-- ChromeTest -->
    <test name="FirefoxTest" duration-ms="95210" started-at="2022-03-12T13:18:00 ICT" finished-at="2022-03-12T13:19:35 ICT">
      <class name="Test.SearchFunction">
        <test-method status="PASS" signature="setup(java.lang.String)[pri:0, instance:Test.SearchFunction@2353b3e6]" name="setup" is-config="true" duration-ms="70707" started-at="2022-03-12T13:18:00 ICT" finished-at="2022-03-12T13:19:11 ICT">
          <params>
            <param index="0">
              <value>
                <![CDATA[firefox]]>
              </value>
            </param>
          </params>
          <reporter-output>
          </reporter-output>
        </test-method> <!-- setup -->
        <test-method status="PASS" signature="check_the_display_incase_result_is_not_empty()[pri:0, instance:Test.SearchFunction@2353b3e6]" name="check_the_display_incase_result_is_not_empty" duration-ms="18500" started-at="2022-03-12T13:19:11 ICT" finished-at="2022-03-12T13:19:29 ICT">
          <reporter-output>
          </reporter-output>
        </test-method> <!-- check_the_display_incase_result_is_not_empty -->
        <test-method status="PASS" signature="afterMethod(org.testng.ITestResult)[pri:0, instance:Test.SearchFunction@2353b3e6]" name="afterMethod" is-config="true" duration-ms="745" started-at="2022-03-12T13:19:29 ICT" finished-at="2022-03-12T13:19:30 ICT">
          <params>
            <param index="0">
              <value>
                <![CDATA[[TestResult name=check_the_display_incase_result_is_not_empty status=SUCCESS method=SearchFunction.check_the_display_incase_result_is_not_empty()[pri:0, instance:Test.SearchFunction@2353b3e6] output={null}]]]>
              </value>
            </param>
          </params>
          <reporter-output>
            <line>
              <![CDATA[<a href='D:\Work\NAB\Automation\OpenWeatherMapTestNgMaven\OpenWeatherMap\target\surefire-reports\testRun_screenshots\firefox_check_the_display_incase_result_is_not_empty_12_03_2022_01_19_29.png'> <img src='D:\Work\NAB\Automation\OpenWeatherMapTestNgMaven\OpenWeatherMap\target\surefire-reports\testRun_screenshots\firefox_check_the_display_incase_result_is_not_empty_12_03_2022_01_19_29.png' height='100' width='100'/> </a>]]>
            </line>
          </reporter-output>
        </test-method> <!-- afterMethod -->
        <test-method status="PASS" signature="check_the_display_incase_there_is_no_result(java.lang.String,java.lang.String)[pri:0, instance:Test.SearchFunction@2353b3e6]" name="check_the_display_incase_there_is_no_result" duration-ms="2054" started-at="2022-03-12T13:19:30 ICT" data-provider="SearchProvider" finished-at="2022-03-12T13:19:32 ICT">
          <params>
            <param index="0">
              <value>
                <![CDATA[ha    noi]]>
              </value>
            </param>
            <param index="1">
              <value>
                <![CDATA[×
Not found]]>
              </value>
            </param>
          </params>
          <reporter-output>
          </reporter-output>
        </test-method> <!-- check_the_display_incase_there_is_no_result -->
        <test-method status="PASS" signature="afterMethod(org.testng.ITestResult)[pri:0, instance:Test.SearchFunction@2353b3e6]" name="afterMethod" is-config="true" duration-ms="364" started-at="2022-03-12T13:19:32 ICT" finished-at="2022-03-12T13:19:32 ICT">
          <params>
            <param index="0">
              <value>
                <![CDATA[[TestResult name=check_the_display_incase_there_is_no_result status=SUCCESS method=SearchFunction.check_the_display_incase_there_is_no_result(java.lang.String,java.lang.String)[pri:0, instance:Test.SearchFunction@2353b3e6] output={null}]]]>
              </value>
            </param>
          </params>
          <reporter-output>
            <line>
              <![CDATA[<a href='D:\Work\NAB\Automation\OpenWeatherMapTestNgMaven\OpenWeatherMap\target\surefire-reports\testRun_screenshots\firefox_check_the_display_incase_there_is_no_result_12_03_2022_01_19_32.png'> <img src='D:\Work\NAB\Automation\OpenWeatherMapTestNgMaven\OpenWeatherMap\target\surefire-reports\testRun_screenshots\firefox_check_the_display_incase_there_is_no_result_12_03_2022_01_19_32.png' height='100' width='100'/> </a>]]>
            </line>
          </reporter-output>
        </test-method> <!-- afterMethod -->
        <test-method status="PASS" signature="check_the_display_incase_there_is_no_result(java.lang.String,java.lang.String)[pri:0, instance:Test.SearchFunction@2353b3e6]" name="check_the_display_incase_there_is_no_result" duration-ms="850" started-at="2022-03-12T13:19:32 ICT" data-provider="SearchProvider" finished-at="2022-03-12T13:19:33 ICT">
          <params>
            <param index="0">
              <value>
                <![CDATA[!<fjks]]>
              </value>
            </param>
            <param index="1">
              <value>
                <![CDATA[×
Not found]]>
              </value>
            </param>
          </params>
          <reporter-output>
          </reporter-output>
        </test-method> <!-- check_the_display_incase_there_is_no_result -->
        <test-method status="PASS" signature="afterMethod(org.testng.ITestResult)[pri:0, instance:Test.SearchFunction@2353b3e6]" name="afterMethod" is-config="true" duration-ms="124" started-at="2022-03-12T13:19:33 ICT" finished-at="2022-03-12T13:19:33 ICT">
          <params>
            <param index="0">
              <value>
                <![CDATA[[TestResult name=check_the_display_incase_there_is_no_result status=SUCCESS method=SearchFunction.check_the_display_incase_there_is_no_result(java.lang.String,java.lang.String)[pri:0, instance:Test.SearchFunction@2353b3e6] output={null}]]]>
              </value>
            </param>
          </params>
          <reporter-output>
            <line>
              <![CDATA[<a href='D:\Work\NAB\Automation\OpenWeatherMapTestNgMaven\OpenWeatherMap\target\surefire-reports\testRun_screenshots\firefox_check_the_display_incase_there_is_no_result_12_03_2022_01_19_33.png'> <img src='D:\Work\NAB\Automation\OpenWeatherMapTestNgMaven\OpenWeatherMap\target\surefire-reports\testRun_screenshots\firefox_check_the_display_incase_there_is_no_result_12_03_2022_01_19_33.png' height='100' width='100'/> </a>]]>
            </line>
          </reporter-output>
        </test-method> <!-- afterMethod -->
        <test-method status="FAIL" signature="check_the_display_incase_there_is_no_result(java.lang.String,java.lang.String)[pri:0, instance:Test.SearchFunction@2353b3e6]" name="check_the_display_incase_there_is_no_result" duration-ms="1616" started-at="2022-03-12T13:19:33 ICT" data-provider="SearchProvider" finished-at="2022-03-12T13:19:35 ICT">
          <params>
            <param index="0">
              <value>
                <![CDATA[<script>alert(123)</script>]]>
              </value>
            </param>
            <param index="1">
              <value>
                <![CDATA[×
Not found]]>
              </value>
            </param>
          </params>
          <exception class="org.openqa.selenium.StaleElementReferenceException">
            <message>
              <![CDATA[The element reference of <input name="q" type="text"> is stale; either the element is no longer attached to the DOM, it is not in the current frame context, or the document has been refreshed
For documentation on this error, please visit: https://selenium.dev/exceptions/#stale_element_reference
Build info: version: '4.1.1', revision: 'e8fcc2cecf'
System info: host: 'ADMIN', ip: '192.168.183.161', os.name: 'Windows 10', os.arch: 'amd64', os.version: '10.0', java.version: '1.8.0_202'
Driver info: org.openqa.selenium.firefox.FirefoxDriver
Command: [146fcf84-1e7c-4759-877a-8c45f91d8d46, sendKeysToElement {id=ab82cb41-7a41-4328-90da-1c55717f48e6, value=[Ljava.lang.CharSequence;@4f69188b}]
Capabilities {acceptInsecureCerts: true, browserName: firefox, browserVersion: 98.0, javascriptEnabled: true, moz:accessibilityChecks: false, moz:buildID: 20220304153049, moz:debuggerAddress: localhost:58852, moz:geckodriverVersion: 0.30.0, moz:headless: false, moz:processID: 12968, moz:profile: C:\Users\Admin\AppData\Loca..., moz:shutdownTimeout: 60000, moz:useNonSpecCompliantPointerOrigin: false, moz:webdriverClick: true, pageLoadStrategy: normal, platform: WINDOWS, platformName: WINDOWS, platformVersion: 10.0, proxy: Proxy(), se:cdp: ws://localhost:58852/devtoo..., se:cdpVersion: 85, setWindowRect: true, strictFileInteractability: false, timeouts: {implicit: 0, pageLoad: 300000, script: 30000}, unhandledPromptBehavior: dismiss and notify}
Element: [[[[FirefoxDriver: firefox on WINDOWS (146fcf84-1e7c-4759-877a-8c45f91d8d46)] -> xpath: //nav[@id='nav-website']]] -> xpath: .//input[@placeholder='Weather in your city']]
Session ID: 146fcf84-1e7c-4759-877a-8c45f91d8d46]]>
            </message>
            <full-stacktrace>
              <![CDATA[org.openqa.selenium.StaleElementReferenceException: The element reference of <input name="q" type="text"> is stale; either the element is no longer attached to the DOM, it is not in the current frame context, or the document has been refreshed
For documentation on this error, please visit: https://selenium.dev/exceptions/#stale_element_reference
Build info: version: '4.1.1', revision: 'e8fcc2cecf'
System info: host: 'ADMIN', ip: '192.168.183.161', os.name: 'Windows 10', os.arch: 'amd64', os.version: '10.0', java.version: '1.8.0_202'
Driver info: org.openqa.selenium.firefox.FirefoxDriver
Command: [146fcf84-1e7c-4759-877a-8c45f91d8d46, sendKeysToElement {id=ab82cb41-7a41-4328-90da-1c55717f48e6, value=[Ljava.lang.CharSequence;@4f69188b}]
Capabilities {acceptInsecureCerts: true, browserName: firefox, browserVersion: 98.0, javascriptEnabled: true, moz:accessibilityChecks: false, moz:buildID: 20220304153049, moz:debuggerAddress: localhost:58852, moz:geckodriverVersion: 0.30.0, moz:headless: false, moz:processID: 12968, moz:profile: C:\Users\Admin\AppData\Loca..., moz:shutdownTimeout: 60000, moz:useNonSpecCompliantPointerOrigin: false, moz:webdriverClick: true, pageLoadStrategy: normal, platform: WINDOWS, platformName: WINDOWS, platformVersion: 10.0, proxy: Proxy(), se:cdp: ws://localhost:58852/devtoo..., se:cdpVersion: 85, setWindowRect: true, strictFileInteractability: false, timeouts: {implicit: 0, pageLoad: 300000, script: 30000}, unhandledPromptBehavior: dismiss and notify}
Element: [[[[FirefoxDriver: firefox on WINDOWS (146fcf84-1e7c-4759-877a-8c45f91d8d46)] -> xpath: //nav[@id='nav-website']]] -> xpath: .//input[@placeholder='Weather in your city']]
Session ID: 146fcf84-1e7c-4759-877a-8c45f91d8d46
at sun.reflect.NativeConstructorAccessorImpl.newInstance0(Native Method)
at sun.reflect.NativeConstructorAccessorImpl.newInstance(NativeConstructorAccessorImpl.java:62)
at sun.reflect.DelegatingConstructorAccessorImpl.newInstance(DelegatingConstructorAccessorImpl.java:45)
at java.lang.reflect.Constructor.newInstance(Constructor.java:423)
at org.openqa.selenium.remote.codec.w3c.W3CHttpResponseCodec.createException(W3CHttpResponseCodec.java:200)
at org.openqa.selenium.remote.codec.w3c.W3CHttpResponseCodec.decode(W3CHttpResponseCodec.java:133)
at org.openqa.selenium.remote.codec.w3c.W3CHttpResponseCodec.decode(W3CHttpResponseCodec.java:53)
at org.openqa.selenium.remote.HttpCommandExecutor.execute(HttpCommandExecutor.java:184)
at org.openqa.selenium.remote.service.DriverCommandExecutor.invokeExecute(DriverCommandExecutor.java:167)
at org.openqa.selenium.remote.service.DriverCommandExecutor.execute(DriverCommandExecutor.java:142)
at org.openqa.selenium.remote.RemoteWebDriver.execute(RemoteWebDriver.java:543)
at org.openqa.selenium.remote.RemoteWebElement.execute(RemoteWebElement.java:251)
at org.openqa.selenium.remote.RemoteWebElement.sendKeys(RemoteWebElement.java:107)
at steps.SearchUIStep.searchInNavigatorBar(SearchUIStep.java:30)
at Test.SearchFunction.check_the_display_incase_there_is_no_result(SearchFunction.java:78)
at sun.reflect.NativeMethodAccessorImpl.invoke0(Native Method)
at sun.reflect.NativeMethodAccessorImpl.invoke(NativeMethodAccessorImpl.java:62)
at sun.reflect.DelegatingMethodAccessorImpl.invoke(DelegatingMethodAccessorImpl.java:43)
at java.lang.reflect.Method.invoke(Method.java:498)
at org.testng.internal.MethodInvocationHelper.invokeMethod(MethodInvocationHelper.java:133)
at org.testng.internal.TestInvoker.invokeMethod(TestInvoker.java:598)
at org.testng.internal.TestInvoker.invokeTestMethod(TestInvoker.java:173)
at org.testng.internal.MethodRunner.runInSequence(MethodRunner.java:46)
at org.testng.internal.TestInvoker$MethodInvocationAgent.invoke(TestInvoker.java:824)
at org.testng.internal.TestInvoker.invokeTestMethods(TestInvoker.java:146)
at org.testng.internal.TestMethodWorker.invokeTestMethods(TestMethodWorker.java:146)
at org.testng.internal.TestMethodWorker.run(TestMethodWorker.java:128)
at java.util.ArrayList.forEach(ArrayList.java:1257)
at org.testng.TestRunner.privateRun(TestRunner.java:794)
at org.testng.TestRunner.run(TestRunner.java:596)
at org.testng.SuiteRunner.runTest(SuiteRunner.java:377)
at org.testng.SuiteRunner.access$000(SuiteRunner.java:28)
at org.testng.SuiteRunner$SuiteWorker.run(SuiteRunner.java:418)
at org.testng.internal.thread.ThreadUtil.lambda$execute$0(ThreadUtil.java:64)
at java.util.concurrent.FutureTask.run(FutureTask.java:266)
at java.util.concurrent.ThreadPoolExecutor.runWorker(ThreadPoolExecutor.java:1149)
at java.util.concurrent.ThreadPoolExecutor$Worker.run(ThreadPoolExecutor.java:624)
at java.lang.Thread.run(Thread.java:748)
]]>
            </full-stacktrace>
          </exception> <!-- org.openqa.selenium.StaleElementReferenceException -->
          <reporter-output>
          </reporter-output>
        </test-method> <!-- check_the_display_incase_there_is_no_result -->
        <test-method status="PASS" signature="afterMethod(org.testng.ITestResult)[pri:0, instance:Test.SearchFunction@2353b3e6]" name="afterMethod" is-config="true" duration-ms="185" started-at="2022-03-12T13:19:35 ICT" finished-at="2022-03-12T13:19:35 ICT">
          <params>
            <param index="0">
              <value>
                <![CDATA[[TestResult name=check_the_display_incase_there_is_no_result status=FAILURE method=SearchFunction.check_the_display_incase_there_is_no_result(java.lang.String,java.lang.String)[pri:0, instance:Test.SearchFunction@2353b3e6] output={null}]]]>
              </value>
            </param>
          </params>
          <reporter-output>
            <line>
              <![CDATA[<a href='D:\Work\NAB\Automation\OpenWeatherMapTestNgMaven\OpenWeatherMap\target\surefire-reports\testRun_screenshots\firefox_check_the_display_incase_there_is_no_result_12_03_2022_01_19_35.png'> <img src='D:\Work\NAB\Automation\OpenWeatherMapTestNgMaven\OpenWeatherMap\target\surefire-reports\testRun_screenshots\firefox_check_the_display_incase_there_is_no_result_12_03_2022_01_19_35.png' height='100' width='100'/> </a>]]>
            </line>
          </reporter-output>
        </test-method> <!-- afterMethod -->
        <test-method status="PASS" signature="DoSomeThingAfterEachTest()[pri:0, instance:Test.SearchFunction@2353b3e6]" name="DoSomeThingAfterEachTest" is-config="true" duration-ms="0" started-at="2022-03-12T13:19:35 ICT" finished-at="2022-03-12T13:19:35 ICT">
          <reporter-output>
          </reporter-output>
        </test-method> <!-- DoSomeThingAfterEachTest -->
        <test-method status="PASS" signature="clean()[pri:0, instance:Test.SearchFunction@2353b3e6]" name="clean" is-config="true" duration-ms="6450" started-at="2022-03-12T13:19:36 ICT" finished-at="2022-03-12T13:19:42 ICT">
          <reporter-output>
          </reporter-output>
        </test-method> <!-- clean -->
      </class> <!-- Test.SearchFunction -->
    </test> <!-- FirefoxTest -->
  </suite> <!-- TestSuite -->
</testng-results>
